[05-17 20:47:37,856, 8478] org.hibernate.Version HHH000412: Hibernate Core {5.0.6.Final}
[05-17 20:47:37,861, 8483] org.hibernate.cfg.Environment HHH000206: hibernate.properties not found
[05-17 20:47:37,862, 8484] org.hibernate.cfg.Environment HHH000021: Bytecode provider name : javassist
[05-17 20:47:37,916, 8538] org.hibernate.annotations.common.Version HCANN000001: Hibernate Commons Annotations {5.0.1.Final}
[05-17 20:47:38,147, 8769] org.hibernate.dialect.Dialect HHH000400: Using dialect: org.hibernate.dialect.PostgreSQLDialect
[05-17 20:47:38,546, 9168] org.hibernate.engine.jdbc.env.internal.LobCreatorBuilderImpl HHH000424: Disabling contextual LOB creation as createClob() method threw error : java.lang.reflect.InvocationTargetException
[05-17 20:47:38,549, 9171] org.hibernate.type.BasicTypeRegistry HHH000270: Type registration [java.util.UUID] overrides previous : org.hibernate.type.UUIDBinaryType@6db2a260
[05-17 20:47:39,031, 9653] org.hibernate.search.engine.Version HSEARCH000034: Hibernate Search 5.5.3.Final
[05-17 20:47:39,299, 9921] org.hibernate.tool.hbm2ddl.SchemaUpdate HHH000228: Running hbm2ddl schema update
[05-17 20:47:39,876, 10498] org.hibernate.search.engine.impl.ConfigContext HSEARCH000075: Configuration setting hibernate.search.lucene_version was not specified: using LUCENE_CURRENT.
[05-17 20:48:32,661, 63283] org.hibernate.search.batchindexing.impl.SimpleIndexingProgressMonitor HSEARCH000027: Going to reindex 78 entities
[05-17 20:48:32,679, 63301] org.hibernate.search.batchindexing.impl.SimpleIndexingProgressMonitor HSEARCH000027: Going to reindex 78 entities
[05-17 20:48:32,714, 63336] org.hibernate.search.batchindexing.impl.SimpleIndexingProgressMonitor HSEARCH000027: Going to reindex 78 entities
[05-17 20:48:32,795, 63417] org.hibernate.search.batchindexing.impl.SimpleIndexingProgressMonitor HSEARCH000027: Going to reindex 78 entities
[05-17 20:48:32,795, 63417] org.hibernate.search.batchindexing.impl.SimpleIndexingProgressMonitor HSEARCH000027: Going to reindex 78 entities
[05-17 20:48:33,188, 63810] org.hibernate.search.batchindexing.impl.SimpleIndexingProgressMonitor HSEARCH000030: 50 documents indexed in 209 ms
[05-17 20:48:33,188, 63810] org.hibernate.search.batchindexing.impl.SimpleIndexingProgressMonitor HSEARCH000031: Indexing speed: 239,234451 documents/second; progress: 64,10%
[05-17 20:48:33,564, 64186] org.hibernate.search.batchindexing.impl.SimpleIndexingProgressMonitor HSEARCH000030: 50 documents indexed in 372 ms
[05-17 20:48:33,565, 64187] org.hibernate.search.batchindexing.impl.SimpleIndexingProgressMonitor HSEARCH000031: Indexing speed: 134,408600 documents/second; progress: 64,10%
[05-17 20:48:34,174, 64796] org.hibernate.search.batchindexing.impl.SimpleIndexingProgressMonitor HSEARCH000028: Reindexed 78 entities
[05-17 20:48:34,273, 64895] org.hibernate.search.batchindexing.impl.SimpleIndexingProgressMonitor HSEARCH000030: 50 documents indexed in 432 ms
[05-17 20:48:34,273, 64895] org.hibernate.search.batchindexing.impl.SimpleIndexingProgressMonitor HSEARCH000031: Indexing speed: 115,740738 documents/second; progress: 64,10%
[05-17 20:48:34,651, 65273] org.hibernate.search.batchindexing.impl.SimpleIndexingProgressMonitor HSEARCH000028: Reindexed 78 entities
[05-17 20:48:34,659, 65281] org.hibernate.search.batchindexing.impl.SimpleIndexingProgressMonitor HSEARCH000028: Reindexed 78 entities
[05-17 20:48:35,375, 65997] org.hibernate.search.batchindexing.impl.SimpleIndexingProgressMonitor HSEARCH000030: 50 documents indexed in 395 ms
[05-17 20:48:35,375, 65997] org.hibernate.search.batchindexing.impl.SimpleIndexingProgressMonitor HSEARCH000031: Indexing speed: 126,582275 documents/second; progress: 64,10%
[05-17 20:48:35,833, 66455] org.hibernate.search.batchindexing.impl.SimpleIndexingProgressMonitor HSEARCH000030: 50 documents indexed in 1081 ms
[05-17 20:48:35,833, 66455] org.hibernate.search.batchindexing.impl.SimpleIndexingProgressMonitor HSEARCH000031: Indexing speed: 46,253468 documents/second; progress: 64,10%
[05-17 20:48:36,361, 66983] org.hibernate.search.batchindexing.impl.SimpleIndexingProgressMonitor HSEARCH000028: Reindexed 78 entities
[05-17 20:48:36,365, 66987] org.hibernate.search.batchindexing.impl.SimpleIndexingProgressMonitor HSEARCH000028: Reindexed 78 entities
