[05-17 23:18:47,304, 30624] org.hibernate.Version HHH000412: Hibernate Core {5.0.6.Final}
[05-17 23:18:47,310, 30630] org.hibernate.cfg.Environment HHH000206: hibernate.properties not found
[05-17 23:18:47,312, 30632] org.hibernate.cfg.Environment HHH000021: Bytecode provider name : javassist
[05-17 23:18:47,364, 30684] org.hibernate.annotations.common.Version HCANN000001: Hibernate Commons Annotations {5.0.1.Final}
[05-17 23:18:47,625, 30945] org.hibernate.dialect.Dialect HHH000400: Using dialect: org.hibernate.dialect.PostgreSQLDialect
[05-17 23:18:49,199, 32519] org.hibernate.engine.jdbc.env.internal.LobCreatorBuilderImpl HHH000424: Disabling contextual LOB creation as createClob() method threw error : java.lang.reflect.InvocationTargetException
[05-17 23:18:49,202, 32522] org.hibernate.type.BasicTypeRegistry HHH000270: Type registration [java.util.UUID] overrides previous : org.hibernate.type.UUIDBinaryType@1ded7b14
[05-17 23:18:49,600, 32920] org.hibernate.search.engine.Version HSEARCH000034: Hibernate Search 5.5.3.Final
[05-17 23:18:50,062, 33382] org.hibernate.tool.hbm2ddl.SchemaUpdate HHH000228: Running hbm2ddl schema update
[05-17 23:18:51,580, 34900] org.hibernate.search.engine.impl.ConfigContext HSEARCH000075: Configuration setting hibernate.search.lucene_version was not specified: using LUCENE_CURRENT.
[05-17 23:20:14,489, 117809] org.hibernate.search.batchindexing.impl.SimpleIndexingProgressMonitor HSEARCH000027: Going to reindex 78 entities
[05-17 23:20:14,771, 118091] org.hibernate.search.batchindexing.impl.SimpleIndexingProgressMonitor HSEARCH000027: Going to reindex 78 entities
[05-17 23:20:14,812, 118132] org.hibernate.search.batchindexing.impl.SimpleIndexingProgressMonitor HSEARCH000027: Going to reindex 78 entities
[05-17 23:20:15,051, 118371] org.hibernate.search.batchindexing.impl.SimpleIndexingProgressMonitor HSEARCH000027: Going to reindex 78 entities
[05-17 23:20:15,843, 119163] org.hibernate.search.batchindexing.impl.SimpleIndexingProgressMonitor HSEARCH000030: 50 documents indexed in 510 ms
[05-17 23:20:15,843, 119163] org.hibernate.search.batchindexing.impl.SimpleIndexingProgressMonitor HSEARCH000031: Indexing speed: 98,039215 documents/second; progress: 64,10%
[05-17 23:20:17,181, 120501] org.hibernate.search.batchindexing.impl.SimpleIndexingProgressMonitor HSEARCH000028: Reindexed 78 entities
[05-17 23:20:17,379, 120699] org.hibernate.search.batchindexing.impl.SimpleIndexingProgressMonitor HSEARCH000030: 50 documents indexed in 748 ms
[05-17 23:20:17,379, 120699] org.hibernate.search.batchindexing.impl.SimpleIndexingProgressMonitor HSEARCH000031: Indexing speed: 66,844917 documents/second; progress: 64,10%
[05-17 23:20:18,736, 122056] org.hibernate.search.batchindexing.impl.SimpleIndexingProgressMonitor HSEARCH000028: Reindexed 78 entities
[05-17 23:20:19,029, 122349] org.hibernate.search.batchindexing.impl.SimpleIndexingProgressMonitor HSEARCH000030: 50 documents indexed in 839 ms
[05-17 23:20:19,029, 122349] org.hibernate.search.batchindexing.impl.SimpleIndexingProgressMonitor HSEARCH000031: Indexing speed: 59,594757 documents/second; progress: 64,10%
[05-17 23:20:19,451, 122771] org.hibernate.search.batchindexing.impl.SimpleIndexingProgressMonitor HSEARCH000028: Reindexed 78 entities
[05-17 23:20:20,095, 123415] org.hibernate.search.batchindexing.impl.SimpleIndexingProgressMonitor HSEARCH000030: 50 documents indexed in 564 ms
[05-17 23:20:20,095, 123415] org.hibernate.search.batchindexing.impl.SimpleIndexingProgressMonitor HSEARCH000031: Indexing speed: 88,652481 documents/second; progress: 64,10%
[05-17 23:20:20,326, 123646] org.hibernate.search.batchindexing.impl.SimpleIndexingProgressMonitor HSEARCH000028: Reindexed 78 entities
